Build started 3/4/2016 9:44:39 AM.
     1>Project "C:\Users\Joshua\Documents\Visual Studio 2015\Projects\ExpressionInterpreter\ExpressionInterpreter\ExpressionInterpreter.vcxproj" on node 2 (Build target(s)).
     1>ClCompile:
         C:\Program Files (x86)\Microsoft Visual Studio 14.0\VC\bin\CL.exe /c /ZI /nologo /W3 /WX- /sdl /Od /Oy- /D WIN32 /D _DEBUG /D _CONSOLE /D _UNICODE /D UNICODE /Gm /EHsc /RTC1 /MDd /GS /fp:precise /Zc:wchar_t /Zc:forScope /Zc:inline /Fo"Debug\\" /Fd"Debug\vc140.pdb" /Gd /TP /analyze- /errorReport:prompt module3.cpp operand.cpp subexpression.cpp
         subexpression.cpp
         Generating Code...
         Skipping... (no relevant changes detected)
         operand.cpp
         module3.cpp
       Link:
         C:\Program Files (x86)\Microsoft Visual Studio 14.0\VC\bin\link.exe /ERRORREPORT:PROMPT /OUT:"C:\Users\Joshua\Documents\Visual Studio 2015\Projects\ExpressionInterpreter\Debug\ExpressionInterpreter.exe" /INCREMENTAL /NOLOGO kernel32.lib user32.lib gdi32.lib winspool.lib comdlg32.lib advapi32.lib shell32.lib ole32.lib oleaut32.lib uuid.lib odbc32.lib odbccp32.lib /MANIFEST /MANIFESTUAC:"level='asInvoker' uiAccess='false'" /manifest:embed /Debug /PDB:"C:\Users\Joshua\Documents\Visual Studio 2015\Projects\ExpressionInterpreter\Debug\ExpressionInterpreter.pdb" /SUBSYSTEM:CONSOLE /TLBID:1 /DYNAMICBASE /NXCOMPAT /IMPLIB:"C:\Users\Joshua\Documents\Visual Studio 2015\Projects\ExpressionInterpreter\Debug\ExpressionInterpreter.lib" /MACHINE:X86 Debug\module3.obj
         Debug\operand.obj
         Debug\parse.obj
         Debug\subexpression.obj
         Debug\symboltable.obj
         Debug\times.obj
         Debug\variable.obj
         ExpressionInterpreter.vcxproj -> C:\Users\Joshua\Documents\Visual Studio 2015\Projects\ExpressionInterpreter\Debug\ExpressionInterpreter.exe
     1>Done Building Project "C:\Users\Joshua\Documents\Visual Studio 2015\Projects\ExpressionInterpreter\ExpressionInterpreter\ExpressionInterpreter.vcxproj" (Build target(s)).

Build succeeded.

Time Elapsed 00:00:01.45
